[0.447s] Invoking command in '/home/rahul/ros2_workspace/src/my_package': PYTHONPATH=/home/rahul/ros2_workspace/build/my_package/prefix_override:/usr/lib/python3/dist-packages/colcon_core/task/python/colcon_distutils_commands:/home/rahul/ros2_workspace/install/my_package/lib/python3.10/site-packages:${PYTHONPATH} /usr/bin/python3 -W ignore:setup.py install is deprecated -W ignore:easy_install command is deprecated setup.py egg_info --egg-base ../../build/my_package build --build-base /home/rahul/ros2_workspace/build/my_package/build install --record /home/rahul/ros2_workspace/build/my_package/install.log --single-version-externally-managed install_data
[0.579s] running egg_info
[0.579s] creating ../../build/my_package/my_package.egg-info
[0.579s] writing ../../build/my_package/my_package.egg-info/PKG-INFO
[0.580s] writing dependency_links to ../../build/my_package/my_package.egg-info/dependency_links.txt
[0.580s] writing entry points to ../../build/my_package/my_package.egg-info/entry_points.txt
[0.580s] writing requirements to ../../build/my_package/my_package.egg-info/requires.txt
[0.580s] writing top-level names to ../../build/my_package/my_package.egg-info/top_level.txt
[0.580s] writing manifest file '../../build/my_package/my_package.egg-info/SOURCES.txt'
[0.580s] reading manifest file '../../build/my_package/my_package.egg-info/SOURCES.txt'
[0.581s] writing manifest file '../../build/my_package/my_package.egg-info/SOURCES.txt'
[0.581s] running build
[0.581s] running build_py
[0.581s] creating /home/rahul/ros2_workspace/build/my_package/build
[0.581s] creating /home/rahul/ros2_workspace/build/my_package/build/lib
[0.581s] creating /home/rahul/ros2_workspace/build/my_package/build/lib/my_package
[0.581s] copying my_package/__init__.py -> /home/rahul/ros2_workspace/build/my_package/build/lib/my_package
[0.581s] running install
[0.581s] running install_lib
[0.581s] creating /home/rahul/ros2_workspace/install/my_package/lib/python3.10/site-packages/my_package
[0.582s] copying /home/rahul/ros2_workspace/build/my_package/build/lib/my_package/__init__.py -> /home/rahul/ros2_workspace/install/my_package/lib/python3.10/site-packages/my_package
[0.582s] byte-compiling /home/rahul/ros2_workspace/install/my_package/lib/python3.10/site-packages/my_package/__init__.py to __init__.cpython-310.pyc
[0.582s] running install_data
[0.582s] creating /home/rahul/ros2_workspace/install/my_package/share/ament_index
[0.582s] creating /home/rahul/ros2_workspace/install/my_package/share/ament_index/resource_index
[0.582s] creating /home/rahul/ros2_workspace/install/my_package/share/ament_index/resource_index/packages
[0.582s] copying resource/my_package -> /home/rahul/ros2_workspace/install/my_package/share/ament_index/resource_index/packages
[0.582s] copying package.xml -> /home/rahul/ros2_workspace/install/my_package/share/my_package
[0.582s] running install_egg_info
[0.583s] Copying ../../build/my_package/my_package.egg-info to /home/rahul/ros2_workspace/install/my_package/lib/python3.10/site-packages/my_package-0.0.0-py3.10.egg-info
[0.584s] running install_scripts
[0.595s] writing list of installed files to '/home/rahul/ros2_workspace/build/my_package/install.log'
[0.608s] Invoked command in '/home/rahul/ros2_workspace/src/my_package' returned '0': PYTHONPATH=/home/rahul/ros2_workspace/build/my_package/prefix_override:/usr/lib/python3/dist-packages/colcon_core/task/python/colcon_distutils_commands:/home/rahul/ros2_workspace/install/my_package/lib/python3.10/site-packages:${PYTHONPATH} /usr/bin/python3 -W ignore:setup.py install is deprecated -W ignore:easy_install command is deprecated setup.py egg_info --egg-base ../../build/my_package build --build-base /home/rahul/ros2_workspace/build/my_package/build install --record /home/rahul/ros2_workspace/build/my_package/install.log --single-version-externally-managed install_data
